Build started 12/3/2017 5:03:16 PM.
     1>Project "C:\Users\skyemck\Downloads\PaintingClassifier\PaintingClassifier\PaintingClassifier.vcxproj" on node 2 (Build target(s)).
     1>ClCompile:
         C:\Program Files (x86)\Microsoft Visual Studio 12.0\VC\bin\x86_amd64\CL.exe /c /IC:\opencv\build\include /Zi /nologo /W3 /WX- /sdl /Od /D WIN32 /D _DEBUG /D _CONSOLE /D _LIB /D _UNICODE /D UNICODE /Gm /EHsc /RTC1 /MTd /GS /fp:precise /Zc:wchar_t /Zc:forScope /Fo"x64\Debug\\" /Fd"x64\Debug\vc120.pdb" /Gd /TP /errorReport:prompt Source1.cpp
         Source1.cpp
     1>Source1.cpp(71): warning C4244: '=' : conversion from 'double' to 'int', possible loss of data
     1>Source1.cpp(72): warning C4244: '=' : conversion from 'double' to 'int', possible loss of data
     1>Source1.cpp(79): warning C4244: 'argument' : conversion from 'double' to 'int', possible loss of data
     1>Source1.cpp(87): warning C4244: 'argument' : conversion from 'double' to 'int', possible loss of data
     1>Source1.cpp(89): warning C4244: '=' : conversion from 'double' to 'int', possible loss of data
     1>Source1.cpp(97): warning C4244: 'initializing' : conversion from 'double' to 'int', possible loss of data
     1>Source1.cpp(106): warning C4244: 'initializing' : conversion from 'double' to 'int', possible loss of data
     1>Source1.cpp(127): warning C4244: '=' : conversion from 'double' to 'int', possible loss of data
     1>Source1.cpp(133): warning C4244: 'argument' : conversion from 'double' to 'int', possible loss of data
     1>Source1.cpp(135): warning C4244: '=' : conversion from 'double' to 'int', possible loss of data
     1>Source1.cpp(136): warning C4244: '=' : conversion from 'double' to 'int', possible loss of data
     1>Source1.cpp(137): warning C4244: '=' : conversion from 'double' to 'int', possible loss of data
     1>Source1.cpp(144): warning C4244: '=' : conversion from 'double' to 'int', possible loss of data
     1>Source1.cpp(421): warning C4244: 'initializing' : conversion from 'double' to 'float', possible loss of data
     1>Source1.cpp(423): warning C4244: '=' : conversion from 'double' to 'float', possible loss of data
     1>Source1.cpp(434): warning C4244: '=' : conversion from 'double' to 'float', possible loss of data
       Link:
         C:\Program Files (x86)\Microsoft Visual Studio 12.0\VC\bin\x86_amd64\link.exe /ERRORREPORT:PROMPT /OUT:"C:\Users\skyemck\Downloads\PaintingClassifier\x64\Debug\PaintingClassifier.exe" /INCREMENTAL /NOLOGO /LIBPATH:C:\opencv\build\x64\vc14\lib opencv_world310d.lib kernel32.lib user32.lib gdi32.lib winspool.lib comdlg32.lib advapi32.lib shell32.lib ole32.lib oleaut32.lib uuid.lib odbc32.lib odbccp32.lib /MANIFEST /MANIFESTUAC:"level='asInvoker' uiAccess='false'" /manifest:embed /DEBUG /PDB:"C:\Users\skyemck\Downloads\PaintingClassifier\x64\Debug\PaintingClassifier.pdb" /SUBSYSTEM:CONSOLE /TLBID:1 /DYNAMICBASE /NXCOMPAT /IMPLIB:"C:\Users\skyemck\Downloads\PaintingClassifier\x64\Debug\PaintingClassifier.lib" /MACHINE:X64 x64\Debug\Source1.obj
         PaintingClassifier.vcxproj -> C:\Users\skyemck\Downloads\PaintingClassifier\x64\Debug\PaintingClassifier.exe
     1>Done Building Project "C:\Users\skyemck\Downloads\PaintingClassifier\PaintingClassifier\PaintingClassifier.vcxproj" (Build target(s)).

Build succeeded.

Time Elapsed 00:00:00.73
